\BOOKMARK [1][-]{section*.1}{\376\377\000A\000b\000s\000t\000r\000a\000c\000t}{}% 1
\BOOKMARK [1][-]{section*.2}{\376\377\000T\000h\000e\000\040\000I\000l\000l\000u\000s\000i\000o\000n\000\040\000G\000a\000m\000e\000:\000\040\000A\000\040\000N\000o\000v\000e\000l\000\040\000E\000x\000p\000e\000r\000i\000m\000e\000n\000t\000a\000l\000\040\000P\000a\000r\000a\000d\000i\000g\000m\000\040\000P\000r\000o\000v\000i\000d\000e\000s\000\040\000E\000v\000i\000d\000e\000n\000c\000e\000\040\000i\000n\000\040\000F\000a\000v\000o\000u\000r\000\040\000o\000f\000\040\000a\000\040\000G\000e\000n\000e\000r\000a\000l\000\040\000F\000a\000c\000t\000o\000r\000\040\000o\000f\000\040\000V\000i\000s\000u\000a\000l\000\040\000I\000l\000l\000u\000s\000i\000o\000n\000\040\000S\000e\000n\000s\000i\000t\000i\000v\000i\000t\000y\000\040\000a\000n\000d\000\040\000P\000e\000r\000s\000o\000n\000a\000l\000i\000t\000y\000\040\000C\000o\000r\000r\000e\000l\000a\000t\000e\000s}{}% 2
\BOOKMARK [1][-]{section*.3}{\376\377\000I\000n\000t\000r\000o\000d\000u\000c\000t\000i\000o\000n}{}% 3
\BOOKMARK [1][-]{section*.5}{\376\377\000S\000t\000u\000d\000y\000\040\0001}{}% 4
\BOOKMARK [2][-]{section*.6}{\376\377\000A\000i\000m}{section*.5}% 5
\BOOKMARK [2][-]{section*.7}{\376\377\000P\000r\000o\000c\000e\000d\000u\000r\000e}{section*.5}% 6
\BOOKMARK [2][-]{section*.8}{\376\377\000P\000a\000r\000t\000i\000c\000i\000p\000a\000n\000t\000s}{section*.5}% 7
\BOOKMARK [2][-]{section*.9}{\376\377\000D\000a\000t\000a\000\040\000A\000n\000a\000l\000y\000s\000i\000s}{section*.5}% 8
\BOOKMARK [2][-]{section*.10}{\376\377\000R\000e\000s\000u\000l\000t\000s}{section*.5}% 9
\BOOKMARK [2][-]{section*.11}{\376\377\000D\000i\000s\000c\000u\000s\000s\000i\000o\000n}{section*.5}% 10
\BOOKMARK [1][-]{section*.12}{\376\377\000S\000t\000u\000d\000y\000\040\0002}{}% 11
\BOOKMARK [2][-]{section*.13}{\376\377\000A\000i\000m}{section*.12}% 12
\BOOKMARK [2][-]{section*.14}{\376\377\000P\000r\000o\000c\000e\000d\000u\000r\000e}{section*.12}% 13
\BOOKMARK [2][-]{section*.15}{\376\377\000P\000a\000r\000t\000i\000c\000i\000p\000a\000n\000t\000s}{section*.12}% 14
\BOOKMARK [2][-]{section*.16}{\376\377\000D\000a\000t\000a\000\040\000A\000n\000a\000l\000y\000s\000i\000s}{section*.12}% 15
\BOOKMARK [2][-]{section*.17}{\376\377\000R\000e\000s\000u\000l\000t\000s}{section*.12}% 16
\BOOKMARK [2][-]{section*.19}{\376\377\000D\000i\000s\000c\000u\000s\000s\000i\000o\000n}{section*.12}% 17
\BOOKMARK [1][-]{section*.20}{\376\377\000S\000t\000u\000d\000y\000\040\0003}{}% 18
\BOOKMARK [2][-]{section*.21}{\376\377\000A\000i\000m}{section*.20}% 19
\BOOKMARK [2][-]{section*.22}{\376\377\000P\000r\000o\000c\000e\000d\000u\000r\000e}{section*.20}% 20
\BOOKMARK [2][-]{section*.24}{\376\377\000D\000a\000t\000a\000\040\000A\000n\000a\000l\000y\000s\000i\000s}{section*.20}% 21
\BOOKMARK [2][-]{section*.25}{\376\377\000R\000e\000s\000u\000l\000t\000s}{section*.20}% 22
\BOOKMARK [2][-]{section*.26}{\376\377\000D\000i\000s\000c\000u\000s\000s\000i\000o\000n}{section*.20}% 23
\BOOKMARK [1][-]{section*.27}{\376\377\000G\000e\000n\000e\000r\000a\000l\000\040\000D\000i\000s\000c\000u\000s\000s\000i\000o\000n}{}% 24
\BOOKMARK [1][-]{section*.28}{\376\377\000F\000u\000t\000u\000r\000e\000\040\000D\000i\000r\000e\000c\000t\000i\000o\000n\000s}{}% 25
\BOOKMARK [1][-]{section*.29}{\376\377\000A\000c\000k\000n\000o\000w\000l\000e\000d\000g\000m\000e\000n\000t\000s}{}% 26
\BOOKMARK [1][-]{section*.30}{\376\377\000R\000e\000f\000e\000r\000e\000n\000c\000e\000s}{}% 27
